<?xml version="1.0" encoding="UTF-8"?>
<coverage generated="1727375659262" clover="3.2.0">
  <project timestamp="1727375659262" name="All files">
    <metrics statements="27" coveredstatements="25" conditionals="12" coveredconditionals="10" methods="12" coveredmethods="11" elements="51" coveredelements="46" complexity="0" loc="27" ncloc="27" packages="1" files="3" classes="3"/>
    <file name="book.js" path="C:\Users\Ayush\Desktop\Lib_Management\src\book.js">
      <metrics statements="8" coveredstatements="7" conditionals="6" coveredconditionals="5" methods="1" coveredmethods="1"/>
      <line num="3" count="2" type="cond" truecount="5" falsecount="1"/>
      <line num="4" count="0" type="stmt"/>
      <line num="6" count="2" type="stmt"/>
      <line num="7" count="2" type="stmt"/>
      <line num="8" count="2" type="stmt"/>
      <line num="9" count="2" type="stmt"/>
      <line num="10" count="2" type="stmt"/>
      <line num="14" count="1" type="stmt"/>
    </file>
    <file name="borrowManager.js" path="C:\Users\Ayush\Desktop\Lib_Management\src\borrowManager.js">
      <metrics statements="9" coveredstatements="9" conditionals="4" coveredconditionals="4" methods="5" coveredmethods="5"/>
      <line num="3" count="3" type="stmt"/>
      <line num="7" count="4" type="stmt"/>
      <line num="8" count="4" type="cond" truecount="2" falsecount="0"/>
      <line num="9" count="1" type="stmt"/>
      <line num="11" count="3" type="cond" truecount="2" falsecount="0"/>
      <line num="12" count="1" type="stmt"/>
      <line num="14" count="2" type="stmt"/>
      <line num="18" count="1" type="stmt"/>
      <line num="22" count="1" type="stmt"/>
    </file>
    <file name="library.js" path="C:\Users\Ayush\Desktop\Lib_Management\src\library.js">
      <metrics statements="10" coveredstatements="9" conditionals="2" coveredconditionals="1" methods="6" coveredmethods="5"/>
      <line num="1" count="1" type="stmt"/>
      <line num="4" count="3" type="stmt"/>
      <line num="5" count="3" type="stmt"/>
      <line num="9" count="2" type="cond" truecount="1" falsecount="1"/>
      <line num="10" count="0" type="stmt"/>
      <line num="12" count="2" type="stmt"/>
      <line num="16" count="5" type="stmt"/>
      <line num="20" count="4" type="stmt"/>
      <line num="24" count="1" type="stmt"/>
      <line num="28" count="1" type="stmt"/>
    </file>
  </project>
</coverage>
