<?xml version="1.0" encoding="UTF-8"?>
<coverage generated="1727377793532" clover="3.2.0">
  <project timestamp="1727377793532" name="All files">
    <metrics statements="34" coveredstatements="23" conditionals="16" coveredconditionals="8" methods="15" coveredmethods="12" elements="65" coveredelements="43" complexity="0" loc="34" ncloc="34" packages="1" files="3" classes="3"/>
    <file name="book.js" path="C:\Users\Ayush\Desktop\Lib_Management\src\book.js">
      <metrics statements="8" coveredstatements="7" conditionals="6" coveredconditionals="5" methods="1" coveredmethods="1"/>
      <line num="3" count="4" type="cond" truecount="5" falsecount="1"/>
      <line num="4" count="0" type="stmt"/>
      <line num="6" count="4" type="stmt"/>
      <line num="7" count="4" type="stmt"/>
      <line num="8" count="4" type="stmt"/>
      <line num="9" count="4" type="stmt"/>
      <line num="10" count="4" type="stmt"/>
      <line num="14" count="1" type="stmt"/>
    </file>
    <file name="borrowManager.js" path="C:\Users\Ayush\Desktop\Lib_Management\src\borrowManager.js">
      <metrics statements="15" coveredstatements="7" conditionals="8" coveredconditionals="2" methods="7" coveredmethods="5"/>
      <line num="3" count="2" type="stmt"/>
      <line num="7" count="2" type="stmt"/>
      <line num="8" count="2" type="cond" truecount="1" falsecount="1"/>
      <line num="9" count="0" type="stmt"/>
      <line num="11" count="2" type="cond" truecount="1" falsecount="1"/>
      <line num="12" count="0" type="stmt"/>
      <line num="14" count="2" type="stmt"/>
      <line num="18" count="0" type="stmt"/>
      <line num="19" count="0" type="cond" truecount="0" falsecount="2"/>
      <line num="20" count="0" type="stmt"/>
      <line num="22" count="0" type="cond" truecount="0" falsecount="2"/>
      <line num="23" count="0" type="stmt"/>
      <line num="25" count="0" type="stmt"/>
      <line num="29" count="3" type="stmt"/>
      <line num="33" count="1" type="stmt"/>
    </file>
    <file name="library.js" path="C:\Users\Ayush\Desktop\Lib_Management\src\library.js">
      <metrics statements="11" coveredstatements="9" conditionals="2" coveredconditionals="1" methods="7" coveredmethods="6"/>
      <line num="1" count="1" type="stmt"/>
      <line num="5" count="2" type="stmt"/>
      <line num="6" count="2" type="stmt"/>
      <line num="10" count="3" type="cond" truecount="1" falsecount="1"/>
      <line num="11" count="0" type="stmt"/>
      <line num="13" count="3" type="stmt"/>
      <line num="17" count="4" type="stmt"/>
      <line num="21" count="2" type="stmt"/>
      <line num="25" count="0" type="stmt"/>
      <line num="29" count="2" type="stmt"/>
      <line num="33" count="1" type="stmt"/>
    </file>
  </project>
</coverage>
