{"C:\\Users\\Ayush\\Desktop\\Lib_Management\\src\\book.js": {"path":"C:\\Users\\Ayush\\Desktop\\Lib_Management\\src\\book.js","statementMap":{"0":{"start":{"line":3,"column":6},"end":{"line":5,"column":7}},"1":{"start":{"line":4,"column":8},"end":{"line":4,"column":48}},"2":{"start":{"line":6,"column":6},"end":{"line":6,"column":23}},"3":{"start":{"line":7,"column":6},"end":{"line":7,"column":25}},"4":{"start":{"line":8,"column":6},"end":{"line":8,"column":27}},"5":{"start":{"line":9,"column":6},"end":{"line":9,"column":23}},"6":{"start":{"line":13,"column":0},"end":{"line":13,"column":22}}},"fnMap":{"0":{"name":"(anonymous_0)","decl":{"start":{"line":2,"column":4},"end":{"line":2,"column":5}},"loc":{"start":{"line":2,"column":43},"end":{"line":10,"column":5}},"line":2}},"branchMap":{"0":{"loc":{"start":{"line":3,"column":6},"end":{"line":5,"column":7}},"type":"if","locations":[{"start":{"line":3,"column":6},"end":{"line":5,"column":7}},{"start":{},"end":{}}],"line":3},"1":{"loc":{"start":{"line":3,"column":10},"end":{"line":3,"column":45}},"type":"binary-expr","locations":[{"start":{"line":3,"column":10},"end":{"line":3,"column":15}},{"start":{"line":3,"column":19},"end":{"line":3,"column":25}},{"start":{"line":3,"column":29},"end":{"line":3,"column":36}},{"start":{"line":3,"column":40},"end":{"line":3,"column":45}}],"line":3}},"s":{"0":4,"1":1,"2":3,"3":3,"4":3,"5":3,"6":1},"f":{"0":4},"b":{"0":[1,3],"1":[4,3,3,3]},"_coverageSchema":"1a1c01bbd47fc00a2c39e90264f33305004495a9","hash":"dc19ba32f7c64d8ff41b80ab3fb5a57812a3170f"}
,"C:\\Users\\Ayush\\Desktop\\Lib_Management\\src\\library.js": {"path":"C:\\Users\\Ayush\\Desktop\\Lib_Management\\src\\library.js","statementMap":{"0":{"start":{"line":1,"column":13},"end":{"line":1,"column":30}},"1":{"start":{"line":5,"column":4},"end":{"line":5,"column":20}},"2":{"start":{"line":10,"column":4},"end":{"line":12,"column":5}},"3":{"start":{"line":10,"column":29},"end":{"line":10,"column":49}},"4":{"start":{"line":11,"column":6},"end":{"line":11,"column":60}},"5":{"start":{"line":13,"column":4},"end":{"line":13,"column":26}},"6":{"start":{"line":17,"column":4},"end":{"line":17,"column":22}},"7":{"start":{"line":21,"column":0},"end":{"line":21,"column":25}}},"fnMap":{"0":{"name":"(anonymous_0)","decl":{"start":{"line":4,"column":2},"end":{"line":4,"column":3}},"loc":{"start":{"line":4,"column":16},"end":{"line":6,"column":3}},"line":4},"1":{"name":"(anonymous_1)","decl":{"start":{"line":8,"column":2},"end":{"line":8,"column":3}},"loc":{"start":{"line":8,"column":16},"end":{"line":14,"column":3}},"line":8},"2":{"name":"(anonymous_2)","decl":{"start":{"line":10,"column":24},"end":{"line":10,"column":25}},"loc":{"start":{"line":10,"column":29},"end":{"line":10,"column":49}},"line":10},"3":{"name":"(anonymous_3)","decl":{"start":{"line":16,"column":2},"end":{"line":16,"column":3}},"loc":{"start":{"line":16,"column":13},"end":{"line":18,"column":3}},"line":16}},"branchMap":{"0":{"loc":{"start":{"line":10,"column":4},"end":{"line":12,"column":5}},"type":"if","locations":[{"start":{"line":10,"column":4},"end":{"line":12,"column":5}},{"start":{},"end":{}}],"line":10}},"s":{"0":1,"1":3,"2":3,"3":1,"4":1,"5":2,"6":1,"7":1},"f":{"0":3,"1":3,"2":1,"3":1},"b":{"0":[1,2]},"_coverageSchema":"1a1c01bbd47fc00a2c39e90264f33305004495a9","hash":"20648509d8c2793e43d7948bfdc427ccbfd004c0"}
}
