TN:
SF:src\book.js
FN:2,(anonymous_0)
FNF:1
FNH:1
FNDA:4,(anonymous_0)
DA:3,4
DA:4,1
DA:6,3
DA:7,3
DA:8,3
DA:9,3
DA:13,1
LF:7
LH:7
BRDA:3,0,0,1
BRDA:3,0,1,3
BRDA:3,1,0,4
BRDA:3,1,1,3
BRDA:3,1,2,3
BRDA:3,1,3,3
BRF:6
BRH:6
end_of_record
TN:
SF:src\library.js
FN:4,(anonymous_0)
FN:8,(anonymous_1)
FN:10,(anonymous_2)
FN:16,(anonymous_3)
FNF:4
FNH:4
FNDA:3,(anonymous_0)
FNDA:3,(anonymous_1)
FNDA:1,(anonymous_2)
FNDA:1,(anonymous_3)
DA:1,1
DA:5,3
DA:10,3
DA:11,1
DA:13,2
DA:17,1
DA:21,1
LF:7
LH:7
BRDA:10,0,0,1
BRDA:10,0,1,2
BRF:2
BRH:2
end_of_record
